~~~~~~ Folder No Exec 1
~~~~~~ Folder No Exec 2
~~~~~~ Folder no '/' 1
~~~~~~ Folder no '/' 2
~~~~~~ Folder 1
~~~~~~ Folder 2
~~~~~~ False command 1
~~~~~~ False command 2
~~~~~~ Invalid infile 1
~~~~~~ Invalid infile 2
~~~~~~ 1
~~~~~~ 2
~~~~~~ 3
~~~~~~ 4
~~~~~~ 5
~~~~~~ 6
~~~~~~ Correct path (without flag) 1
~~~~~~ Correct path (without flag) 2
~~~~~~ Correct path (with flag) 1
~~~~~~ Correct path (with flag) 2
~~~~~~ False command B1
~~~~~~ False command B2
~~~~~~ False command B3
~~~~~~ B1
~~~~~~ B2
~~~~~~ B3
~~~~~~ B4
~~~~~~ B5
